\BOOKMARK [0][-]{init.0}{Front Page}{}% 1
\BOOKMARK [0][-]{contents.0}{Conte\372do}{}% 2
\BOOKMARK [0][-]{figures.0}{List of Figures}{}% 3
\BOOKMARK [0][-]{tables.0}{List of Tables}{}% 4
\BOOKMARK [0][-]{chapter.1}{1 Introduction}{}% 5
\BOOKMARK [1][-]{section.1.1}{1.1 Context}{chapter.1}% 6
\BOOKMARK [1][-]{section.1.2}{1.2 Motivation}{chapter.1}% 7
\BOOKMARK [1][-]{section.1.3}{1.3 Goals}{chapter.1}% 8
\BOOKMARK [0][-]{chapter.2}{2 Berlin Institute for Software Defined networks}{}% 9
\BOOKMARK [0][-]{chapter.3}{3 Literature Review}{}% 10
\BOOKMARK [1][-]{section.3.1}{3.1 Computer Networking}{chapter.3}% 11
\BOOKMARK [2][-]{subsection.3.1.1}{3.1.1 Historical context}{section.3.1}% 12
\BOOKMARK [2][-]{subsection.3.1.2}{3.1.2 Market data}{section.3.1}% 13
\BOOKMARK [1][-]{section.3.2}{3.2 Software Defined Networking}{chapter.3}% 14
\BOOKMARK [2][-]{subsection.3.2.1}{3.2.1 Why?}{section.3.2}% 15
\BOOKMARK [2][-]{subsection.3.2.2}{3.2.2 Challenges}{section.3.2}% 16
\BOOKMARK [2][-]{subsection.3.2.3}{3.2.3 Observed implementations in the industry}{section.3.2}% 17
\BOOKMARK [1][-]{section.3.3}{3.3 Cloud Computing}{chapter.3}% 18
\BOOKMARK [1][-]{section.3.4}{3.4 Databases}{chapter.3}% 19
\BOOKMARK [0][-]{chapter.4}{4 Technology Overview}{}% 20
\BOOKMARK [1][-]{section.4.1}{4.1 SDN/ NFV}{chapter.4}% 21
\BOOKMARK [2][-]{subsection.4.1.1}{4.1.1 OpenFlow details}{section.4.1}% 22
\BOOKMARK [1][-]{section.4.2}{4.2 Cloud computing and SaaS}{chapter.4}% 23
\BOOKMARK [2][-]{subsection.4.2.1}{4.2.1 Containerization vs Virtualization}{section.4.2}% 24
\BOOKMARK [1][-]{section.4.3}{4.3 Link discovery and control}{chapter.4}% 25
\BOOKMARK [1][-]{section.4.4}{4.4 Infrastructure Management/ Configuration}{chapter.4}% 26
\BOOKMARK [2][-]{subsection.4.4.1}{4.4.1 Data Models}{section.4.4}% 27
\BOOKMARK [2][-]{subsection.4.4.2}{4.4.2 Management Protocols}{section.4.4}% 28
\BOOKMARK [1][-]{section.4.5}{4.5 Databases and SDN}{chapter.4}% 29
\BOOKMARK [0][-]{chapter.5}{5 API Design}{}% 30
\BOOKMARK [0][-]{chapter.6}{6 Designed System}{}% 31
\BOOKMARK [0][-]{section*.10}{References}{}% 32
